2018-05-02 12:23:02 16436 [Note] Plugin 'FEDERATED' is disabled.
2018-05-02 12:23:02 16436 [Note] InnoDB: Using atomics to ref count buffer pool pages
2018-05-02 12:23:02 16436 [Note] InnoDB: The InnoDB memory heap is disabled
2018-05-02 12:23:02 16436 [Note] InnoDB: Mutexes and rw_locks use Windows interlocked functions
2018-05-02 12:23:02 16436 [Note] InnoDB: Memory barrier is not used
2018-05-02 12:23:02 16436 [Note] InnoDB: Compressed tables use zlib 1.2.3
2018-05-02 12:23:02 16436 [Note] InnoDB: Not using CPU crc32 instructions
2018-05-02 12:23:02 16436 [Note] InnoDB: Initializing buffer pool, size = 128.0M
2018-05-02 12:23:02 16436 [Note] InnoDB: Completed initialization of buffer pool
2018-05-02 12:23:02 16436 [Note] InnoDB: Setting log file C:\Users\Fahim Khan\Desktop\Project\usbwebserver\mysql\data\ib_logfile101 size to 5 MB
2018-05-02 12:23:02 16436 [Note] InnoDB: Setting log file C:\Users\Fahim Khan\Desktop\Project\usbwebserver\mysql\data\ib_logfile1 size to 5 MB
2018-05-02 12:23:02 16436 [Note] InnoDB: Renaming log file C:\Users\Fahim Khan\Desktop\Project\usbwebserver\mysql\data\ib_logfile101 to C:\Users\Fahim Khan\Desktop\Project\usbwebserver\mysql\data\ib_logfile0
2018-05-02 12:23:02 16436 [Warning] InnoDB: New log files created, LSN=1626134
2018-05-02 12:23:02 16436 [Note] InnoDB: Highest supported file format is Barracuda.
2018-05-02 12:23:02 201c InnoDB: Error: page 5 log sequence number 1626646
InnoDB: is in the future! Current system log sequence number 1626636.
InnoDB: Your database may be corrupt or you may have copied the InnoDB
InnoDB: tablespace but not the InnoDB log files. See
InnoDB: http://dev.mysql.com/doc/refman/5.6/en/forcing-innodb-recovery.html
InnoDB: for more information.
2018-05-02 12:23:02 16436 [Note] InnoDB: 128 rollback segment(s) are active.
2018-05-02 12:23:02 16436 [Note] InnoDB: Waiting for purge to start
2018-05-02 12:23:02 16436 [Note] InnoDB: 5.6.34 started; log sequence number 1626636
2018-05-02 12:23:02 16436 [Warning] No existing UUID has been found, so we assume that this is the first time that this server has been started. Generating a new UUID: 1644b931-4e25-11e8-9b18-3c15c2ce2eb9.
2018-05-02 12:23:02 16436 [Note] Server hostname (bind-address): '*'; port: 3306
2018-05-02 12:23:02 16436 [Note] IPv6 is available.
2018-05-02 12:23:02 16436 [Note]   - '::' resolves to '::';
2018-05-02 12:23:02 16436 [Note] Server socket created on IP: '::'.
2018-05-02 12:23:02 16436 [ERROR] Can't start server: Bind on TCP/IP port: No error
2018-05-02 12:23:02 16436 [ERROR] Do you already have another mysqld server running on port: 3306 ?
2018-05-02 12:23:02 16436 [ERROR] Aborting

2018-05-02 12:23:02 16436 [Note] Binlog end
2018-05-02 12:23:02 16436 [Note] Shutting down plugin 'partition'
2018-05-02 12:23:02 16436 [Note] Shutting down plugin 'PERFORMANCE_SCHEMA'
2018-05-02 12:23:02 16436 [Note] Shutting down plugin 'INNODB_SYS_DATAFILES'
2018-05-02 12:23:02 16436 [Note] Shutting down plugin 'INNODB_SYS_TABLESPACES'
2018-05-02 12:23:02 16436 [Note] Shutting down plugin 'INNODB_SYS_FOREIGN_COLS'
2018-05-02 12:23:02 16436 [Note] Shutting down plugin 'INNODB_SYS_FOREIGN'
2018-05-02 12:23:02 16436 [Note] Shutting down plugin 'INNODB_SYS_FIELDS'
2018-05-02 12:23:02 16436 [Note] Shutting down plugin 'INNODB_SYS_COLUMNS'
2018-05-02 12:23:02 16436 [Note] Shutting down plugin 'INNODB_SYS_INDEXES'
2018-05-02 12:23:02 16436 [Note] Shutting down plugin 'INNODB_SYS_TABLESTATS'
2018-05-02 12:23:02 16436 [Note] Shutting down plugin 'INNODB_SYS_TABLES'
2018-05-02 12:23:02 16436 [Note] Shutting down plugin 'INNODB_FT_INDEX_TABLE'
2018-05-02 12:23:02 16436 [Note] Shutting down plugin 'INNODB_FT_INDEX_CACHE'
2018-05-02 12:23:02 16436 [Note] Shutting down plugin 'INNODB_FT_CONFIG'
2018-05-02 12:23:02 16436 [Note] Shutting down plugin 'INNODB_FT_BEING_DELETED'
2018-05-02 12:23:02 16436 [Note] Shutting down plugin 'INNODB_FT_DELETED'
2018-05-02 12:23:02 16436 [Note] Shutting down plugin 'INNODB_FT_DEFAULT_STOPWORD'
2018-05-02 12:23:02 16436 [Note] Shutting down plugin 'INNODB_METRICS'
2018-05-02 12:23:02 16436 [Note] Shutting down plugin 'INNODB_BUFFER_POOL_STATS'
2018-05-02 12:23:02 16436 [Note] Shutting down plugin 'INNODB_BUFFER_PAGE_LRU'
2018-05-02 12:23:02 16436 [Note] Shutting down plugin 'INNODB_BUFFER_PAGE'
2018-05-02 12:23:02 16436 [Note] Shutting down plugin 'INNODB_CMP_PER_INDEX_RESET'
2018-05-02 12:23:02 16436 [Note] Shutting down plugin 'INNODB_CMP_PER_INDEX'
2018-05-02 12:23:02 16436 [Note] Shutting down plugin 'INNODB_CMPMEM_RESET'
2018-05-02 12:23:02 16436 [Note] Shutting down plugin 'INNODB_CMPMEM'
2018-05-02 12:23:02 16436 [Note] Shutting down plugin 'INNODB_CMP_RESET'
2018-05-02 12:23:03 16436 [Note] Shutting down plugin 'INNODB_CMP'
2018-05-02 12:23:03 16436 [Note] Shutting down plugin 'INNODB_LOCK_WAITS'
2018-05-02 12:23:03 16436 [Note] Shutting down plugin 'INNODB_LOCKS'
2018-05-02 12:23:03 16436 [Note] Shutting down plugin 'INNODB_TRX'
2018-05-02 12:23:03 16436 [Note] Shutting down plugin 'InnoDB'
2018-05-02 12:23:03 16436 [Note] InnoDB: FTS optimize thread exiting.
2018-05-02 12:23:03 16436 [Note] InnoDB: Starting shutdown...
2018-05-02 12:23:04 16436 [Note] InnoDB: Shutdown completed; log sequence number 1626646
2018-05-02 12:23:04 16436 [Note] Shutting down plugin 'BLACKHOLE'
2018-05-02 12:23:04 16436 [Note] Shutting down plugin 'ARCHIVE'
2018-05-02 12:23:04 16436 [Note] Shutting down plugin 'MRG_MYISAM'
2018-05-02 12:23:04 16436 [Note] Shutting down plugin 'MyISAM'
2018-05-02 12:23:04 16436 [Note] Shutting down plugin 'MEMORY'
2018-05-02 12:23:04 16436 [Note] Shutting down plugin 'CSV'
2018-05-02 12:23:04 16436 [Note] Shutting down plugin 'sha256_password'
2018-05-02 12:23:04 16436 [Note] Shutting down plugin 'mysql_old_password'
2018-05-02 12:23:04 16436 [Note] Shutting down plugin 'mysql_native_password'
2018-05-02 12:23:04 16436 [Note] Shutting down plugin 'binlog'
2018-05-02 12:23:04 16436 [Note] C:\Users\Fahim Khan\Desktop\Project\usbwebserver/mysql/bin/mysqld_usbwv8.exe: Shutdown complete

2018-05-02 12:23:12 6476 [Note] Plugin 'FEDERATED' is disabled.
2018-05-02 12:23:12 6476 [Note] InnoDB: Using atomics to ref count buffer pool pages
2018-05-02 12:23:12 6476 [Note] InnoDB: The InnoDB memory heap is disabled
2018-05-02 12:23:12 6476 [Note] InnoDB: Mutexes and rw_locks use Windows interlocked functions
2018-05-02 12:23:12 6476 [Note] InnoDB: Memory barrier is not used
2018-05-02 12:23:12 6476 [Note] InnoDB: Compressed tables use zlib 1.2.3
2018-05-02 12:23:12 6476 [Note] InnoDB: Not using CPU crc32 instructions
2018-05-02 12:23:12 6476 [Note] InnoDB: Initializing buffer pool, size = 128.0M
2018-05-02 12:23:12 6476 [Note] InnoDB: Completed initialization of buffer pool
2018-05-02 12:23:12 6476 [Note] InnoDB: Highest supported file format is Barracuda.
2018-05-02 12:23:12 6476 [Note] InnoDB: 128 rollback segment(s) are active.
2018-05-02 12:23:12 6476 [Note] InnoDB: Waiting for purge to start
2018-05-02 12:23:12 6476 [Note] InnoDB: 5.6.34 started; log sequence number 1626646
2018-05-02 12:23:12 6476 [Note] Server hostname (bind-address): '*'; port: 3307
2018-05-02 12:23:12 6476 [Note] IPv6 is available.
2018-05-02 12:23:12 6476 [Note]   - '::' resolves to '::';
2018-05-02 12:23:12 6476 [Note] Server socket created on IP: '::'.
2018-05-02 12:24:29 13900 [Note] Plugin 'FEDERATED' is disabled.
2018-05-02 12:24:29 13900 [Note] InnoDB: Using atomics to ref count buffer pool pages
2018-05-02 12:24:29 13900 [Note] InnoDB: The InnoDB memory heap is disabled
2018-05-02 12:24:29 13900 [Note] InnoDB: Mutexes and rw_locks use Windows interlocked functions
2018-05-02 12:24:29 13900 [Note] InnoDB: Memory barrier is not used
2018-05-02 12:24:29 13900 [Note] InnoDB: Compressed tables use zlib 1.2.3
2018-05-02 12:24:29 13900 [Note] InnoDB: Not using CPU crc32 instructions
2018-05-02 12:24:29 13900 [Note] InnoDB: Initializing buffer pool, size = 128.0M
2018-05-02 12:24:29 13900 [Note] InnoDB: Completed initialization of buffer pool
2018-05-02 12:24:29 13900 [Note] InnoDB: Highest supported file format is Barracuda.
2018-05-02 12:24:29 13900 [Note] InnoDB: The log sequence numbers 1626646 and 1626646 in ibdata files do not match the log sequence number 1626656 in the ib_logfiles!
2018-05-02 12:24:29 13900 [Note] InnoDB: Database was not shutdown normally!
2018-05-02 12:24:29 13900 [Note] InnoDB: Starting crash recovery.
2018-05-02 12:24:29 13900 [Note] InnoDB: Reading tablespace information from the .ibd files...
2018-05-02 12:24:29 13900 [Note] InnoDB: Restoring possible half-written data pages 
2018-05-02 12:24:29 13900 [Note] InnoDB: from the doublewrite buffer...
2018-05-02 12:24:29 13900 [Note] InnoDB: 128 rollback segment(s) are active.
2018-05-02 12:24:29 13900 [Note] InnoDB: Waiting for purge to start
2018-05-02 12:24:29 13900 [Note] InnoDB: 5.6.34 started; log sequence number 1626656
2018-05-02 12:24:29 13900 [Note] Server hostname (bind-address): '*'; port: 3306
2018-05-02 12:24:29 13900 [Note] IPv6 is available.
2018-05-02 12:24:29 13900 [Note]   - '::' resolves to '::';
2018-05-02 12:24:29 13900 [Note] Server socket created on IP: '::'.
2018-05-02 12:24:29 13900 [ERROR] Can't start server: Bind on TCP/IP port: No such file or directory
2018-05-02 12:24:29 13900 [ERROR] Do you already have another mysqld server running on port: 3306 ?
2018-05-02 12:24:29 13900 [ERROR] Aborting

2018-05-02 12:24:29 13900 [Note] Binlog end
2018-05-02 12:24:29 13900 [Note] Shutting down plugin 'partition'
2018-05-02 12:24:29 13900 [Note] Shutting down plugin 'PERFORMANCE_SCHEMA'
2018-05-02 12:24:29 13900 [Note] Shutting down plugin 'INNODB_SYS_DATAFILES'
2018-05-02 12:24:29 13900 [Note] Shutting down plugin 'INNODB_SYS_TABLESPACES'
2018-05-02 12:24:29 13900 [Note] Shutting down plugin 'INNODB_SYS_FOREIGN_COLS'
2018-05-02 12:24:29 13900 [Note] Shutting down plugin 'INNODB_SYS_FOREIGN'
2018-05-02 12:24:29 13900 [Note] Shutting down plugin 'INNODB_SYS_FIELDS'
2018-05-02 12:24:29 13900 [Note] Shutting down plugin 'INNODB_SYS_COLUMNS'
2018-05-02 12:24:29 13900 [Note] Shutting down plugin 'INNODB_SYS_INDEXES'
2018-05-02 12:24:29 13900 [Note] Shutting down plugin 'INNODB_SYS_TABLESTATS'
2018-05-02 12:24:29 13900 [Note] Shutting down plugin 'INNODB_SYS_TABLES'
2018-05-02 12:24:29 13900 [Note] Shutting down plugin 'INNODB_FT_INDEX_TABLE'
2018-05-02 12:24:29 13900 [Note] Shutting down plugin 'INNODB_FT_INDEX_CACHE'
2018-05-02 12:24:29 13900 [Note] Shutting down plugin 'INNODB_FT_CONFIG'
2018-05-02 12:24:29 13900 [Note] Shutting down plugin 'INNODB_FT_BEING_DELETED'
2018-05-02 12:24:29 13900 [Note] Shutting down plugin 'INNODB_FT_DELETED'
2018-05-02 12:24:29 13900 [Note] Shutting down plugin 'INNODB_FT_DEFAULT_STOPWORD'
2018-05-02 12:24:29 13900 [Note] Shutting down plugin 'INNODB_METRICS'
2018-05-02 12:24:29 13900 [Note] Shutting down plugin 'INNODB_BUFFER_POOL_STATS'
2018-05-02 12:24:29 13900 [Note] Shutting down plugin 'INNODB_BUFFER_PAGE_LRU'
2018-05-02 12:24:29 13900 [Note] Shutting down plugin 'INNODB_BUFFER_PAGE'
2018-05-02 12:24:29 13900 [Note] Shutting down plugin 'INNODB_CMP_PER_INDEX_RESET'
2018-05-02 12:24:29 13900 [Note] Shutting down plugin 'INNODB_CMP_PER_INDEX'
2018-05-02 12:24:29 13900 [Note] Shutting down plugin 'INNODB_CMPMEM_RESET'
2018-05-02 12:24:29 13900 [Note] Shutting down plugin 'INNODB_CMPMEM'
2018-05-02 12:24:29 13900 [Note] Shutting down plugin 'INNODB_CMP_RESET'
2018-05-02 12:24:29 13900 [Note] Shutting down plugin 'INNODB_CMP'
2018-05-02 12:24:29 13900 [Note] Shutting down plugin 'INNODB_LOCK_WAITS'
2018-05-02 12:24:29 13900 [Note] Shutting down plugin 'INNODB_LOCKS'
2018-05-02 12:24:29 13900 [Note] Shutting down plugin 'INNODB_TRX'
2018-05-02 12:24:29 13900 [Note] Shutting down plugin 'InnoDB'
2018-05-02 12:24:29 13900 [Note] InnoDB: FTS optimize thread exiting.
2018-05-02 12:24:29 13900 [Note] InnoDB: Starting shutdown...
2018-05-02 12:24:31 13900 [Note] InnoDB: Shutdown completed; log sequence number 1626666
2018-05-02 12:24:31 13900 [Note] Shutting down plugin 'BLACKHOLE'
2018-05-02 12:24:31 13900 [Note] Shutting down plugin 'ARCHIVE'
2018-05-02 12:24:31 13900 [Note] Shutting down plugin 'MRG_MYISAM'
2018-05-02 12:24:31 13900 [Note] Shutting down plugin 'MyISAM'
2018-05-02 12:24:31 13900 [Note] Shutting down plugin 'MEMORY'
2018-05-02 12:24:31 13900 [Note] Shutting down plugin 'CSV'
2018-05-02 12:24:31 13900 [Note] Shutting down plugin 'sha256_password'
2018-05-02 12:24:31 13900 [Note] Shutting down plugin 'mysql_old_password'
2018-05-02 12:24:31 13900 [Note] Shutting down plugin 'mysql_native_password'
2018-05-02 12:24:31 13900 [Note] Shutting down plugin 'binlog'
2018-05-02 12:24:31 13900 [Note] C:\Users\Fahim Khan\Desktop\Project\usbwebserver/mysql/bin/mysqld_usbwv8.exe: Shutdown complete

2018-05-02 12:24:40 204 [Note] Plugin 'FEDERATED' is disabled.
2018-05-02 12:24:40 204 [Note] InnoDB: Using atomics to ref count buffer pool pages
2018-05-02 12:24:40 204 [Note] InnoDB: The InnoDB memory heap is disabled
2018-05-02 12:24:40 204 [Note] InnoDB: Mutexes and rw_locks use Windows interlocked functions
2018-05-02 12:24:40 204 [Note] InnoDB: Memory barrier is not used
2018-05-02 12:24:40 204 [Note] InnoDB: Compressed tables use zlib 1.2.3
2018-05-02 12:24:40 204 [Note] InnoDB: Not using CPU crc32 instructions
2018-05-02 12:24:40 204 [Note] InnoDB: Initializing buffer pool, size = 128.0M
2018-05-02 12:24:40 204 [Note] InnoDB: Completed initialization of buffer pool
2018-05-02 12:24:40 204 [Note] InnoDB: Highest supported file format is Barracuda.
2018-05-02 12:24:40 204 [Note] InnoDB: 128 rollback segment(s) are active.
2018-05-02 12:24:40 204 [Note] InnoDB: Waiting for purge to start
2018-05-02 12:24:40 204 [Note] InnoDB: 5.6.34 started; log sequence number 1626666
2018-05-02 12:24:40 204 [Note] Server hostname (bind-address): '*'; port: 3307
2018-05-02 12:24:40 204 [Note] IPv6 is available.
2018-05-02 12:24:40 204 [Note]   - '::' resolves to '::';
2018-05-02 12:24:40 204 [Note] Server socket created on IP: '::'.
2018-05-02 12:25:12 14096 [Note] Plugin 'FEDERATED' is disabled.
2018-05-02 12:25:12 14096 [Note] InnoDB: Using atomics to ref count buffer pool pages
2018-05-02 12:25:12 14096 [Note] InnoDB: The InnoDB memory heap is disabled
2018-05-02 12:25:12 14096 [Note] InnoDB: Mutexes and rw_locks use Windows interlocked functions
2018-05-02 12:25:12 14096 [Note] InnoDB: Memory barrier is not used
2018-05-02 12:25:12 14096 [Note] InnoDB: Compressed tables use zlib 1.2.3
2018-05-02 12:25:12 14096 [Note] InnoDB: Not using CPU crc32 instructions
2018-05-02 12:25:12 14096 [Note] InnoDB: Initializing buffer pool, size = 128.0M
2018-05-02 12:25:12 14096 [Note] InnoDB: Completed initialization of buffer pool
2018-05-02 12:25:12 14096 [Note] InnoDB: Highest supported file format is Barracuda.
2018-05-02 12:25:12 14096 [Note] InnoDB: The log sequence numbers 1626666 and 1626666 in ibdata files do not match the log sequence number 1626676 in the ib_logfiles!
2018-05-02 12:25:12 14096 [Note] InnoDB: Database was not shutdown normally!
2018-05-02 12:25:12 14096 [Note] InnoDB: Starting crash recovery.
2018-05-02 12:25:12 14096 [Note] InnoDB: Reading tablespace information from the .ibd files...
2018-05-02 12:25:12 14096 [Note] InnoDB: Restoring possible half-written data pages 
2018-05-02 12:25:12 14096 [Note] InnoDB: from the doublewrite buffer...
2018-05-02 12:25:12 14096 [Note] InnoDB: 128 rollback segment(s) are active.
2018-05-02 12:25:12 14096 [Note] InnoDB: Waiting for purge to start
2018-05-02 12:25:12 14096 [Note] InnoDB: 5.6.34 started; log sequence number 1626676
2018-05-02 12:25:12 14096 [Note] Server hostname (bind-address): '*'; port: 3306
2018-05-02 12:25:12 14096 [Note] IPv6 is available.
2018-05-02 12:25:12 14096 [Note]   - '::' resolves to '::';
2018-05-02 12:25:12 14096 [Note] Server socket created on IP: '::'.
2018-05-02 12:25:12 14096 [ERROR] Can't start server: Bind on TCP/IP port: No such file or directory
2018-05-02 12:25:12 14096 [ERROR] Do you already have another mysqld server running on port: 3306 ?
2018-05-02 12:25:12 14096 [ERROR] Aborting

2018-05-02 12:25:12 14096 [Note] Binlog end
2018-05-02 12:25:12 14096 [Note] Shutting down plugin 'partition'
2018-05-02 12:25:12 14096 [Note] Shutting down plugin 'PERFORMANCE_SCHEMA'
2018-05-02 12:25:12 14096 [Note] Shutting down plugin 'INNODB_SYS_DATAFILES'
2018-05-02 12:25:12 14096 [Note] Shutting down plugin 'INNODB_SYS_TABLESPACES'
2018-05-02 12:25:12 14096 [Note] Shutting down plugin 'INNODB_SYS_FOREIGN_COLS'
2018-05-02 12:25:12 14096 [Note] Shutting down plugin 'INNODB_SYS_FOREIGN'
2018-05-02 12:25:12 14096 [Note] Shutting down plugin 'INNODB_SYS_FIELDS'
2018-05-02 12:25:12 14096 [Note] Shutting down plugin 'INNODB_SYS_COLUMNS'
2018-05-02 12:25:12 14096 [Note] Shutting down plugin 'INNODB_SYS_INDEXES'
2018-05-02 12:25:12 14096 [Note] Shutting down plugin 'INNODB_SYS_TABLESTATS'
2018-05-02 12:25:12 14096 [Note] Shutting down plugin 'INNODB_SYS_TABLES'
2018-05-02 12:25:12 14096 [Note] Shutting down plugin 'INNODB_FT_INDEX_TABLE'
2018-05-02 12:25:12 14096 [Note] Shutting down plugin 'INNODB_FT_INDEX_CACHE'
2018-05-02 12:25:12 14096 [Note] Shutting down plugin 'INNODB_FT_CONFIG'
2018-05-02 12:25:12 14096 [Note] Shutting down plugin 'INNODB_FT_BEING_DELETED'
2018-05-02 12:25:12 14096 [Note] Shutting down plugin 'INNODB_FT_DELETED'
2018-05-02 12:25:12 14096 [Note] Shutting down plugin 'INNODB_FT_DEFAULT_STOPWORD'
2018-05-02 12:25:12 14096 [Note] Shutting down plugin 'INNODB_METRICS'
2018-05-02 12:25:12 14096 [Note] Shutting down plugin 'INNODB_BUFFER_POOL_STATS'
2018-05-02 12:25:12 14096 [Note] Shutting down plugin 'INNODB_BUFFER_PAGE_LRU'
2018-05-02 12:25:12 14096 [Note] Shutting down plugin 'INNODB_BUFFER_PAGE'
2018-05-02 12:25:12 14096 [Note] Shutting down plugin 'INNODB_CMP_PER_INDEX_RESET'
2018-05-02 12:25:12 14096 [Note] Shutting down plugin 'INNODB_CMP_PER_INDEX'
2018-05-02 12:25:12 14096 [Note] Shutting down plugin 'INNODB_CMPMEM_RESET'
2018-05-02 12:25:12 14096 [Note] Shutting down plugin 'INNODB_CMPMEM'
2018-05-02 12:25:12 14096 [Note] Shutting down plugin 'INNODB_CMP_RESET'
2018-05-02 12:25:12 14096 [Note] Shutting down plugin 'INNODB_CMP'
2018-05-02 12:25:12 14096 [Note] Shutting down plugin 'INNODB_LOCK_WAITS'
2018-05-02 12:25:12 14096 [Note] Shutting down plugin 'INNODB_LOCKS'
2018-05-02 12:25:12 14096 [Note] Shutting down plugin 'INNODB_TRX'
2018-05-02 12:25:12 14096 [Note] Shutting down plugin 'InnoDB'
2018-05-02 12:25:12 14096 [Note] InnoDB: FTS optimize thread exiting.
2018-05-02 12:25:12 14096 [Note] InnoDB: Starting shutdown...
2018-05-02 12:25:14 14096 [Note] InnoDB: Shutdown completed; log sequence number 1626686
2018-05-02 12:25:14 14096 [Note] Shutting down plugin 'BLACKHOLE'
2018-05-02 12:25:14 14096 [Note] Shutting down plugin 'ARCHIVE'
2018-05-02 12:25:14 14096 [Note] Shutting down plugin 'MRG_MYISAM'
2018-05-02 12:25:14 14096 [Note] Shutting down plugin 'MyISAM'
2018-05-02 12:25:14 14096 [Note] Shutting down plugin 'MEMORY'
2018-05-02 12:25:14 14096 [Note] Shutting down plugin 'CSV'
2018-05-02 12:25:14 14096 [Note] Shutting down plugin 'sha256_password'
2018-05-02 12:25:14 14096 [Note] Shutting down plugin 'mysql_old_password'
2018-05-02 12:25:14 14096 [Note] Shutting down plugin 'mysql_native_password'
2018-05-02 12:25:14 14096 [Note] Shutting down plugin 'binlog'
2018-05-02 12:25:14 14096 [Note] C:\Users\Fahim Khan\Desktop\Project\usbwebserver/mysql/bin/mysqld_usbwv8.exe: Shutdown complete

2018-05-02 12:25:38 12656 [Note] Plugin 'FEDERATED' is disabled.
2018-05-02 12:25:38 12656 [Note] InnoDB: Using atomics to ref count buffer pool pages
2018-05-02 12:25:38 12656 [Note] InnoDB: The InnoDB memory heap is disabled
2018-05-02 12:25:38 12656 [Note] InnoDB: Mutexes and rw_locks use Windows interlocked functions
2018-05-02 12:25:38 12656 [Note] InnoDB: Memory barrier is not used
2018-05-02 12:25:38 12656 [Note] InnoDB: Compressed tables use zlib 1.2.3
2018-05-02 12:25:38 12656 [Note] InnoDB: Not using CPU crc32 instructions
2018-05-02 12:25:38 12656 [Note] InnoDB: Initializing buffer pool, size = 128.0M
2018-05-02 12:25:38 12656 [Note] InnoDB: Completed initialization of buffer pool
2018-05-02 12:25:39 12656 [Note] InnoDB: Highest supported file format is Barracuda.
2018-05-02 12:25:39 12656 [Note] InnoDB: 128 rollback segment(s) are active.
2018-05-02 12:25:39 12656 [Note] InnoDB: Waiting for purge to start
2018-05-02 12:25:39 12656 [Note] InnoDB: 5.6.34 started; log sequence number 1626686
2018-05-02 12:25:39 12656 [Note] Server hostname (bind-address): '*'; port: 3307
2018-05-02 12:25:39 12656 [Note] IPv6 is available.
2018-05-02 12:25:39 12656 [Note]   - '::' resolves to '::';
2018-05-02 12:25:39 12656 [Note] Server socket created on IP: '::'.
2018-05-02 12:25:49 19324 [Note] Plugin 'FEDERATED' is disabled.
2018-05-02 12:25:49 19324 [Note] InnoDB: Using atomics to ref count buffer pool pages
2018-05-02 12:25:49 19324 [Note] InnoDB: The InnoDB memory heap is disabled
2018-05-02 12:25:49 19324 [Note] InnoDB: Mutexes and rw_locks use Windows interlocked functions
2018-05-02 12:25:49 19324 [Note] InnoDB: Memory barrier is not used
2018-05-02 12:25:49 19324 [Note] InnoDB: Compressed tables use zlib 1.2.3
2018-05-02 12:25:49 19324 [Note] InnoDB: Not using CPU crc32 instructions
2018-05-02 12:25:49 19324 [Note] InnoDB: Initializing buffer pool, size = 128.0M
2018-05-02 12:25:49 19324 [Note] InnoDB: Completed initialization of buffer pool
2018-05-02 12:25:49 19324 [Note] InnoDB: Highest supported file format is Barracuda.
2018-05-02 12:25:49 19324 [Note] InnoDB: The log sequence numbers 1626686 and 1626686 in ibdata files do not match the log sequence number 1626696 in the ib_logfiles!
2018-05-02 12:25:49 19324 [Note] InnoDB: Database was not shutdown normally!
2018-05-02 12:25:49 19324 [Note] InnoDB: Starting crash recovery.
2018-05-02 12:25:49 19324 [Note] InnoDB: Reading tablespace information from the .ibd files...
2018-05-02 12:25:49 19324 [Note] InnoDB: Restoring possible half-written data pages 
2018-05-02 12:25:49 19324 [Note] InnoDB: from the doublewrite buffer...
2018-05-02 12:25:49 19324 [Note] InnoDB: 128 rollback segment(s) are active.
2018-05-02 12:25:49 19324 [Note] InnoDB: Waiting for purge to start
2018-05-02 12:25:49 19324 [Note] InnoDB: 5.6.34 started; log sequence number 1626696
2018-05-02 12:25:49 19324 [Note] Server hostname (bind-address): '*'; port: 3307
2018-05-02 12:25:49 19324 [Note] IPv6 is available.
2018-05-02 12:25:49 19324 [Note]   - '::' resolves to '::';
2018-05-02 12:25:49 19324 [Note] Server socket created on IP: '::'.
2018-05-02 12:26:06 3020 [Note] Plugin 'FEDERATED' is disabled.
2018-05-02 12:26:06 3020 [Note] InnoDB: Using atomics to ref count buffer pool pages
2018-05-02 12:26:06 3020 [Note] InnoDB: The InnoDB memory heap is disabled
2018-05-02 12:26:06 3020 [Note] InnoDB: Mutexes and rw_locks use Windows interlocked functions
2018-05-02 12:26:06 3020 [Note] InnoDB: Memory barrier is not used
2018-05-02 12:26:06 3020 [Note] InnoDB: Compressed tables use zlib 1.2.3
2018-05-02 12:26:06 3020 [Note] InnoDB: Not using CPU crc32 instructions
2018-05-02 12:26:06 3020 [Note] InnoDB: Initializing buffer pool, size = 128.0M
2018-05-02 12:26:06 3020 [Note] InnoDB: Completed initialization of buffer pool
2018-05-02 12:26:06 3020 [Note] InnoDB: Highest supported file format is Barracuda.
2018-05-02 12:26:06 3020 [Note] InnoDB: The log sequence numbers 1626686 and 1626686 in ibdata files do not match the log sequence number 1626706 in the ib_logfiles!
2018-05-02 12:26:06 3020 [Note] InnoDB: Database was not shutdown normally!
2018-05-02 12:26:06 3020 [Note] InnoDB: Starting crash recovery.
2018-05-02 12:26:06 3020 [Note] InnoDB: Reading tablespace information from the .ibd files...
2018-05-02 12:26:06 3020 [Note] InnoDB: Restoring possible half-written data pages 
2018-05-02 12:26:06 3020 [Note] InnoDB: from the doublewrite buffer...
2018-05-02 12:26:06 3020 [Note] InnoDB: 128 rollback segment(s) are active.
2018-05-02 12:26:06 3020 [Note] InnoDB: Waiting for purge to start
2018-05-02 12:26:06 3020 [Note] InnoDB: 5.6.34 started; log sequence number 1626706
2018-05-02 12:26:06 3020 [Note] Server hostname (bind-address): '*'; port: 3307
2018-05-02 12:26:06 3020 [Note] IPv6 is available.
2018-05-02 12:26:06 3020 [Note]   - '::' resolves to '::';
2018-05-02 12:26:06 3020 [Note] Server socket created on IP: '::'.
2018-05-02 14:51:13 12516 [Note] Plugin 'FEDERATED' is disabled.
2018-05-02 14:51:13 12516 [Note] InnoDB: Using atomics to ref count buffer pool pages
2018-05-02 14:51:13 12516 [Note] InnoDB: The InnoDB memory heap is disabled
2018-05-02 14:51:13 12516 [Note] InnoDB: Mutexes and rw_locks use Windows interlocked functions
2018-05-02 14:51:13 12516 [Note] InnoDB: Memory barrier is not used
2018-05-02 14:51:13 12516 [Note] InnoDB: Compressed tables use zlib 1.2.3
2018-05-02 14:51:13 12516 [Note] InnoDB: Not using CPU crc32 instructions
2018-05-02 14:51:13 12516 [Note] InnoDB: Initializing buffer pool, size = 128.0M
2018-05-02 14:51:13 12516 [Note] InnoDB: Completed initialization of buffer pool
2018-05-02 14:51:13 12516 [Note] InnoDB: Highest supported file format is Barracuda.
2018-05-02 14:51:13 12516 [Note] InnoDB: The log sequence numbers 1626686 and 1626686 in ibdata files do not match the log sequence number 3557953 in the ib_logfiles!
2018-05-02 14:51:13 12516 [Note] InnoDB: Database was not shutdown normally!
2018-05-02 14:51:13 12516 [Note] InnoDB: Starting crash recovery.
2018-05-02 14:51:13 12516 [Note] InnoDB: Reading tablespace information from the .ibd files...
2018-05-02 14:51:13 12516 [Note] InnoDB: Restoring possible half-written data pages 
2018-05-02 14:51:13 12516 [Note] InnoDB: from the doublewrite buffer...
2018-05-02 14:51:13 12516 [Note] InnoDB: 128 rollback segment(s) are active.
2018-05-02 14:51:13 12516 [Note] InnoDB: Waiting for purge to start
2018-05-02 14:51:13 12516 [Note] InnoDB: 5.6.34 started; log sequence number 3557953
2018-05-02 14:51:13 12516 [Note] Server hostname (bind-address): '*'; port: 3307
2018-05-02 14:51:13 12516 [Note] IPv6 is available.
2018-05-02 14:51:13 12516 [Note]   - '::' resolves to '::';
2018-05-02 14:51:13 12516 [Note] Server socket created on IP: '::'.
2018-05-02 15:30:08 1204 [Note] Plugin 'FEDERATED' is disabled.
2018-05-02 15:30:08 1204 [Note] InnoDB: Using atomics to ref count buffer pool pages
2018-05-02 15:30:08 1204 [Note] InnoDB: The InnoDB memory heap is disabled
2018-05-02 15:30:08 1204 [Note] InnoDB: Mutexes and rw_locks use Windows interlocked functions
2018-05-02 15:30:08 1204 [Note] InnoDB: Memory barrier is not used
2018-05-02 15:30:08 1204 [Note] InnoDB: Compressed tables use zlib 1.2.3
2018-05-02 15:30:08 1204 [Note] InnoDB: Not using CPU crc32 instructions
2018-05-02 15:30:08 1204 [Note] InnoDB: Initializing buffer pool, size = 128.0M
2018-05-02 15:30:08 1204 [Note] InnoDB: Completed initialization of buffer pool
2018-05-02 15:30:08 1204 [Note] InnoDB: Highest supported file format is Barracuda.
2018-05-02 15:30:08 1204 [Note] InnoDB: The log sequence numbers 1626686 and 1626686 in ibdata files do not match the log sequence number 3603687 in the ib_logfiles!
2018-05-02 15:30:08 1204 [Note] InnoDB: Database was not shutdown normally!
2018-05-02 15:30:08 1204 [Note] InnoDB: Starting crash recovery.
2018-05-02 15:30:08 1204 [Note] InnoDB: Reading tablespace information from the .ibd files...
2018-05-02 15:30:08 1204 [Note] InnoDB: Restoring possible half-written data pages 
2018-05-02 15:30:08 1204 [Note] InnoDB: from the doublewrite buffer...
2018-05-02 15:30:08 1204 [Note] InnoDB: 128 rollback segment(s) are active.
2018-05-02 15:30:08 1204 [Note] InnoDB: Waiting for purge to start
2018-05-02 15:30:08 1204 [Note] InnoDB: 5.6.34 started; log sequence number 3603687
2018-05-02 15:30:08 1204 [Note] Server hostname (bind-address): '*'; port: 3307
2018-05-02 15:30:08 1204 [Note] IPv6 is available.
2018-05-02 15:30:08 1204 [Note]   - '::' resolves to '::';
2018-05-02 15:30:08 1204 [Note] Server socket created on IP: '::'.
2019-03-01 21:51:30 35384 [Note] Plugin 'FEDERATED' is disabled.
2019-03-01 21:51:30 35384 [Note] InnoDB: Using atomics to ref count buffer pool pages
2019-03-01 21:51:30 35384 [Note] InnoDB: The InnoDB memory heap is disabled
2019-03-01 21:51:30 35384 [Note] InnoDB: Mutexes and rw_locks use Windows interlocked functions
2019-03-01 21:51:30 35384 [Note] InnoDB: Memory barrier is not used
2019-03-01 21:51:30 35384 [Note] InnoDB: Compressed tables use zlib 1.2.3
2019-03-01 21:51:30 35384 [Note] InnoDB: Not using CPU crc32 instructions
2019-03-01 21:51:30 35384 [Note] InnoDB: Initializing buffer pool, size = 128.0M
2019-03-01 21:51:30 35384 [Note] InnoDB: Completed initialization of buffer pool
2019-03-01 21:51:30 35384 [Note] InnoDB: Highest supported file format is Barracuda.
2019-03-01 21:51:30 35384 [Note] InnoDB: The log sequence numbers 1626686 and 1626686 in ibdata files do not match the log sequence number 3609994 in the ib_logfiles!
2019-03-01 21:51:30 35384 [Note] InnoDB: Database was not shutdown normally!
2019-03-01 21:51:30 35384 [Note] InnoDB: Starting crash recovery.
2019-03-01 21:51:30 35384 [Note] InnoDB: Reading tablespace information from the .ibd files...
2019-03-01 21:51:31 35384 [Note] InnoDB: Restoring possible half-written data pages 
2019-03-01 21:51:31 35384 [Note] InnoDB: from the doublewrite buffer...
2019-03-01 21:51:31 35384 [Note] InnoDB: 128 rollback segment(s) are active.
2019-03-01 21:51:31 35384 [Note] InnoDB: Waiting for purge to start
2019-03-01 21:51:31 35384 [Note] InnoDB: 5.6.34 started; log sequence number 3609994
2019-03-01 21:51:31 35384 [Note] Server hostname (bind-address): '*'; port: 3307
2019-03-01 21:51:31 35384 [Note] IPv6 is available.
2019-03-01 21:51:31 35384 [Note]   - '::' resolves to '::';
2019-03-01 21:51:31 35384 [Note] Server socket created on IP: '::'.
2019-03-01 21:58:55 2328 [Note] Plugin 'FEDERATED' is disabled.
2019-03-01 21:58:55 2328 [Note] InnoDB: Using atomics to ref count buffer pool pages
2019-03-01 21:58:55 2328 [Note] InnoDB: The InnoDB memory heap is disabled
2019-03-01 21:58:55 2328 [Note] InnoDB: Mutexes and rw_locks use Windows interlocked functions
2019-03-01 21:58:55 2328 [Note] InnoDB: Memory barrier is not used
2019-03-01 21:58:55 2328 [Note] InnoDB: Compressed tables use zlib 1.2.3
2019-03-01 21:58:55 2328 [Note] InnoDB: Not using CPU crc32 instructions
2019-03-01 21:58:55 2328 [Note] InnoDB: Initializing buffer pool, size = 128.0M
2019-03-01 21:58:55 2328 [Note] InnoDB: Completed initialization of buffer pool
2019-03-01 21:58:55 2328 [Note] InnoDB: Highest supported file format is Barracuda.
2019-03-01 21:58:55 2328 [Note] InnoDB: The log sequence numbers 1626686 and 1626686 in ibdata files do not match the log sequence number 3612587 in the ib_logfiles!
2019-03-01 21:58:55 2328 [Note] InnoDB: Database was not shutdown normally!
2019-03-01 21:58:55 2328 [Note] InnoDB: Starting crash recovery.
2019-03-01 21:58:55 2328 [Note] InnoDB: Reading tablespace information from the .ibd files...
2019-03-01 21:58:55 2328 [Note] InnoDB: Restoring possible half-written data pages 
2019-03-01 21:58:55 2328 [Note] InnoDB: from the doublewrite buffer...
2019-03-01 21:58:55 2328 [Note] InnoDB: 128 rollback segment(s) are active.
2019-03-01 21:58:55 2328 [Note] InnoDB: Waiting for purge to start
2019-03-01 21:58:55 2328 [Note] InnoDB: 5.6.34 started; log sequence number 3612587
2019-03-01 21:58:55 2328 [Note] Server hostname (bind-address): '*'; port: 3307
2019-03-01 21:58:55 2328 [Note] IPv6 is available.
2019-03-01 21:58:55 2328 [Note]   - '::' resolves to '::';
2019-03-01 21:58:55 2328 [Note] Server socket created on IP: '::'.
2019-03-01 21:58:55 2328 [Note] Event Scheduler: Loaded 0 events
2019-03-01 21:58:55 2328 [Note] C:\Users\Fahim Khan\Desktop\Undergrad FIles\Database Project\Project\usbwebserver/mysql/bin/mysqld_usbwv8.exe: ready for connections.
Version: '5.6.34'  socket: ''  port: 3307  MySQL Community Server (GPL)
2019-03-02 15:54:36 38360 [Note] Plugin 'FEDERATED' is disabled.
2019-03-02 15:54:36 38360 [Note] InnoDB: Using atomics to ref count buffer pool pages
2019-03-02 15:54:36 38360 [Note] InnoDB: The InnoDB memory heap is disabled
2019-03-02 15:54:36 38360 [Note] InnoDB: Mutexes and rw_locks use Windows interlocked functions
2019-03-02 15:54:36 38360 [Note] InnoDB: Memory barrier is not used
2019-03-02 15:54:36 38360 [Note] InnoDB: Compressed tables use zlib 1.2.3
2019-03-02 15:54:36 38360 [Note] InnoDB: Not using CPU crc32 instructions
2019-03-02 15:54:36 38360 [Note] InnoDB: Initializing buffer pool, size = 128.0M
2019-03-02 15:54:36 38360 [Note] InnoDB: Completed initialization of buffer pool
2019-03-02 15:54:36 38360 [Note] InnoDB: Highest supported file format is Barracuda.
2019-03-02 15:54:36 38360 [Note] InnoDB: The log sequence numbers 1626686 and 1626686 in ibdata files do not match the log sequence number 3624287 in the ib_logfiles!
2019-03-02 15:54:36 38360 [Note] InnoDB: Database was not shutdown normally!
2019-03-02 15:54:36 38360 [Note] InnoDB: Starting crash recovery.
2019-03-02 15:54:36 38360 [Note] InnoDB: Reading tablespace information from the .ibd files...
2019-03-02 15:54:36 38360 [Note] InnoDB: Restoring possible half-written data pages 
2019-03-02 15:54:36 38360 [Note] InnoDB: from the doublewrite buffer...
2019-03-02 15:54:36 38360 [Note] InnoDB: 128 rollback segment(s) are active.
2019-03-02 15:54:36 38360 [Note] InnoDB: Waiting for purge to start
2019-03-02 15:54:36 38360 [Note] InnoDB: 5.6.34 started; log sequence number 3624287
2019-03-02 15:54:36 38360 [Note] Server hostname (bind-address): '*'; port: 3307
2019-03-02 15:54:36 38360 [Note] IPv6 is available.
2019-03-02 15:54:36 38360 [Note]   - '::' resolves to '::';
2019-03-02 15:54:36 38360 [Note] Server socket created on IP: '::'.
2019-03-02 15:54:36 38360 [Note] Event Scheduler: Loaded 0 events
2019-03-02 15:54:36 38360 [Note] C:\Users\Fahim Khan\Desktop\Undergrad FIles\Database Project\Project\usbwebserver/mysql/bin/mysqld_usbwv8.exe: ready for connections.
Version: '5.6.34'  socket: ''  port: 3307  MySQL Community Server (GPL)
2019-04-29 00:34:38 15632 [Note] Plugin 'FEDERATED' is disabled.
2019-04-29 00:34:38 15632 [Note] InnoDB: Using atomics to ref count buffer pool pages
2019-04-29 00:34:38 15632 [Note] InnoDB: The InnoDB memory heap is disabled
2019-04-29 00:34:38 15632 [Note] InnoDB: Mutexes and rw_locks use Windows interlocked functions
2019-04-29 00:34:38 15632 [Note] InnoDB: Memory barrier is not used
2019-04-29 00:34:38 15632 [Note] InnoDB: Compressed tables use zlib 1.2.3
2019-04-29 00:34:38 15632 [Note] InnoDB: Not using CPU crc32 instructions
2019-04-29 00:34:38 15632 [Note] InnoDB: Initializing buffer pool, size = 128.0M
2019-04-29 00:34:38 15632 [Note] InnoDB: Completed initialization of buffer pool
2019-04-29 00:34:38 15632 [Note] InnoDB: Highest supported file format is Barracuda.
2019-04-29 00:34:38 15632 [Note] InnoDB: The log sequence numbers 1626686 and 1626686 in ibdata files do not match the log sequence number 3625558 in the ib_logfiles!
2019-04-29 00:34:38 15632 [Note] InnoDB: Database was not shutdown normally!
2019-04-29 00:34:38 15632 [Note] InnoDB: Starting crash recovery.
2019-04-29 00:34:38 15632 [Note] InnoDB: Reading tablespace information from the .ibd files...
2019-04-29 00:34:38 15632 [Note] InnoDB: Restoring possible half-written data pages 
2019-04-29 00:34:38 15632 [Note] InnoDB: from the doublewrite buffer...
2019-04-29 00:34:38 15632 [Note] InnoDB: 128 rollback segment(s) are active.
2019-04-29 00:34:38 15632 [Note] InnoDB: Waiting for purge to start
2019-04-29 00:34:39 15632 [Note] InnoDB: 5.6.34 started; log sequence number 3625558
2019-04-29 00:34:39 15632 [Note] Server hostname (bind-address): '*'; port: 3307
2019-04-29 00:34:39 15632 [Note] IPv6 is available.
2019-04-29 00:34:39 15632 [Note]   - '::' resolves to '::';
2019-04-29 00:34:39 15632 [Note] Server socket created on IP: '::'.
2019-04-29 00:39:43 29084 [Note] Plugin 'FEDERATED' is disabled.
2019-04-29 00:39:43 29084 [Note] InnoDB: Using atomics to ref count buffer pool pages
2019-04-29 00:39:43 29084 [Note] InnoDB: The InnoDB memory heap is disabled
2019-04-29 00:39:43 29084 [Note] InnoDB: Mutexes and rw_locks use Windows interlocked functions
2019-04-29 00:39:43 29084 [Note] InnoDB: Memory barrier is not used
2019-04-29 00:39:43 29084 [Note] InnoDB: Compressed tables use zlib 1.2.3
2019-04-29 00:39:43 29084 [Note] InnoDB: Not using CPU crc32 instructions
2019-04-29 00:39:43 29084 [Note] InnoDB: Initializing buffer pool, size = 128.0M
2019-04-29 00:39:43 29084 [Note] InnoDB: Completed initialization of buffer pool
2019-04-29 00:39:43 29084 [Note] InnoDB: Highest supported file format is Barracuda.
2019-04-29 00:39:43 29084 [Note] InnoDB: The log sequence numbers 1626686 and 1626686 in ibdata files do not match the log sequence number 3625568 in the ib_logfiles!
2019-04-29 00:39:43 29084 [Note] InnoDB: Database was not shutdown normally!
2019-04-29 00:39:43 29084 [Note] InnoDB: Starting crash recovery.
2019-04-29 00:39:43 29084 [Note] InnoDB: Reading tablespace information from the .ibd files...
2019-04-29 00:39:43 29084 [Note] InnoDB: Restoring possible half-written data pages 
2019-04-29 00:39:43 29084 [Note] InnoDB: from the doublewrite buffer...
2019-04-29 00:39:43 29084 [Note] InnoDB: 128 rollback segment(s) are active.
2019-04-29 00:39:43 29084 [Note] InnoDB: Waiting for purge to start
2019-04-29 00:39:44 29084 [Note] InnoDB: 5.6.34 started; log sequence number 3625568
2019-04-29 00:39:44 29084 [Note] Server hostname (bind-address): '*'; port: 3307
2019-04-29 00:39:44 29084 [Note] IPv6 is available.
2019-04-29 00:39:44 29084 [Note]   - '::' resolves to '::';
2019-04-29 00:39:44 29084 [Note] Server socket created on IP: '::'.
2019-04-29 17:10:25 29496 [Note] Plugin 'FEDERATED' is disabled.
2019-04-29 17:10:25 29496 [Note] InnoDB: Using atomics to ref count buffer pool pages
2019-04-29 17:10:25 29496 [Note] InnoDB: The InnoDB memory heap is disabled
2019-04-29 17:10:25 29496 [Note] InnoDB: Mutexes and rw_locks use Windows interlocked functions
2019-04-29 17:10:25 29496 [Note] InnoDB: Memory barrier is not used
2019-04-29 17:10:25 29496 [Note] InnoDB: Compressed tables use zlib 1.2.3
2019-04-29 17:10:25 29496 [Note] InnoDB: Not using CPU crc32 instructions
2019-04-29 17:10:25 29496 [Note] InnoDB: Initializing buffer pool, size = 128.0M
2019-04-29 17:10:25 29496 [Note] InnoDB: Completed initialization of buffer pool
2019-04-29 17:10:25 29496 [Note] InnoDB: Highest supported file format is Barracuda.
2019-04-29 17:10:25 29496 [Note] InnoDB: The log sequence numbers 1626686 and 1626686 in ibdata files do not match the log sequence number 3625578 in the ib_logfiles!
2019-04-29 17:10:25 29496 [Note] InnoDB: Database was not shutdown normally!
2019-04-29 17:10:25 29496 [Note] InnoDB: Starting crash recovery.
2019-04-29 17:10:25 29496 [Note] InnoDB: Reading tablespace information from the .ibd files...
2019-04-29 17:10:25 29496 [Note] InnoDB: Restoring possible half-written data pages 
2019-04-29 17:10:25 29496 [Note] InnoDB: from the doublewrite buffer...
2019-04-29 17:10:25 29496 [Note] InnoDB: 128 rollback segment(s) are active.
2019-04-29 17:10:25 29496 [Note] InnoDB: Waiting for purge to start
2019-04-29 17:10:25 29496 [Note] InnoDB: 5.6.34 started; log sequence number 3625578
2019-04-29 17:10:25 29496 [Note] Server hostname (bind-address): '*'; port: 3307
2019-04-29 17:10:25 29496 [Note] IPv6 is available.
2019-04-29 17:10:25 29496 [Note]   - '::' resolves to '::';
2019-04-29 17:10:25 29496 [Note] Server socket created on IP: '::'.
2019-04-29 21:57:11 15668 [Note] Plugin 'FEDERATED' is disabled.
2019-04-29 21:57:11 15668 [Note] InnoDB: Using atomics to ref count buffer pool pages
2019-04-29 21:57:11 15668 [Note] InnoDB: The InnoDB memory heap is disabled
2019-04-29 21:57:11 15668 [Note] InnoDB: Mutexes and rw_locks use Windows interlocked functions
2019-04-29 21:57:11 15668 [Note] InnoDB: Memory barrier is not used
2019-04-29 21:57:11 15668 [Note] InnoDB: Compressed tables use zlib 1.2.3
2019-04-29 21:57:11 15668 [Note] InnoDB: Not using CPU crc32 instructions
2019-04-29 21:57:11 15668 [Note] InnoDB: Initializing buffer pool, size = 128.0M
2019-04-29 21:57:11 15668 [Note] InnoDB: Completed initialization of buffer pool
2019-04-29 21:57:11 15668 [Note] InnoDB: Highest supported file format is Barracuda.
2019-04-29 21:57:11 15668 [Note] InnoDB: The log sequence numbers 1626686 and 1626686 in ibdata files do not match the log sequence number 3625588 in the ib_logfiles!
2019-04-29 21:57:11 15668 [Note] InnoDB: Database was not shutdown normally!
2019-04-29 21:57:11 15668 [Note] InnoDB: Starting crash recovery.
2019-04-29 21:57:11 15668 [Note] InnoDB: Reading tablespace information from the .ibd files...
2019-04-29 21:57:11 15668 [Note] InnoDB: Restoring possible half-written data pages 
2019-04-29 21:57:11 15668 [Note] InnoDB: from the doublewrite buffer...
2019-04-29 21:57:12 15668 [Note] InnoDB: 128 rollback segment(s) are active.
2019-04-29 21:57:12 15668 [Note] InnoDB: Waiting for purge to start
2019-04-29 21:57:12 15668 [Note] InnoDB: 5.6.34 started; log sequence number 3625588
2019-04-29 21:57:12 15668 [Note] Server hostname (bind-address): '*'; port: 3307
2019-04-29 21:57:12 15668 [Note] IPv6 is available.
2019-04-29 21:57:12 15668 [Note]   - '::' resolves to '::';
2019-04-29 21:57:12 15668 [Note] Server socket created on IP: '::'.
2019-04-29 22:02:26 30684 [Note] Plugin 'FEDERATED' is disabled.
2019-04-29 22:02:26 30684 [Note] InnoDB: Using atomics to ref count buffer pool pages
2019-04-29 22:02:26 30684 [Note] InnoDB: The InnoDB memory heap is disabled
2019-04-29 22:02:26 30684 [Note] InnoDB: Mutexes and rw_locks use Windows interlocked functions
2019-04-29 22:02:26 30684 [Note] InnoDB: Memory barrier is not used
2019-04-29 22:02:26 30684 [Note] InnoDB: Compressed tables use zlib 1.2.3
2019-04-29 22:02:26 30684 [Note] InnoDB: Not using CPU crc32 instructions
2019-04-29 22:02:26 30684 [Note] InnoDB: Initializing buffer pool, size = 128.0M
2019-04-29 22:02:26 30684 [Note] InnoDB: Completed initialization of buffer pool
2019-04-29 22:02:26 30684 [Note] InnoDB: Highest supported file format is Barracuda.
2019-04-29 22:02:26 30684 [Note] InnoDB: The log sequence numbers 1626686 and 1626686 in ibdata files do not match the log sequence number 3627216 in the ib_logfiles!
2019-04-29 22:02:26 30684 [Note] InnoDB: Database was not shutdown normally!
2019-04-29 22:02:26 30684 [Note] InnoDB: Starting crash recovery.
2019-04-29 22:02:26 30684 [Note] InnoDB: Reading tablespace information from the .ibd files...
2019-04-29 22:02:26 30684 [Note] InnoDB: Restoring possible half-written data pages 
2019-04-29 22:02:26 30684 [Note] InnoDB: from the doublewrite buffer...
2019-04-29 22:02:26 30684 [Note] InnoDB: 128 rollback segment(s) are active.
2019-04-29 22:02:26 30684 [Note] InnoDB: Waiting for purge to start
2019-04-29 22:02:27 30684 [Note] InnoDB: 5.6.34 started; log sequence number 3627216
2019-04-29 22:02:27 30684 [Note] Server hostname (bind-address): '*'; port: 3307
2019-04-29 22:02:27 30684 [Note] IPv6 is available.
2019-04-29 22:02:27 30684 [Note]   - '::' resolves to '::';
2019-04-29 22:02:27 30684 [Note] Server socket created on IP: '::'.
2019-05-03 19:27:55 32324 [Note] Plugin 'FEDERATED' is disabled.
2019-05-03 19:27:55 32324 [Note] InnoDB: Using atomics to ref count buffer pool pages
2019-05-03 19:27:55 32324 [Note] InnoDB: The InnoDB memory heap is disabled
2019-05-03 19:27:55 32324 [Note] InnoDB: Mutexes and rw_locks use Windows interlocked functions
2019-05-03 19:27:55 32324 [Note] InnoDB: Memory barrier is not used
2019-05-03 19:27:55 32324 [Note] InnoDB: Compressed tables use zlib 1.2.3
2019-05-03 19:27:55 32324 [Note] InnoDB: Not using CPU crc32 instructions
2019-05-03 19:27:55 32324 [Note] InnoDB: Initializing buffer pool, size = 128.0M
2019-05-03 19:27:55 32324 [Note] InnoDB: Completed initialization of buffer pool
2019-05-03 19:27:55 32324 [Note] InnoDB: Highest supported file format is Barracuda.
2019-05-03 19:27:55 32324 [Note] InnoDB: The log sequence numbers 1626686 and 1626686 in ibdata files do not match the log sequence number 3627434 in the ib_logfiles!
2019-05-03 19:27:55 32324 [Note] InnoDB: Database was not shutdown normally!
2019-05-03 19:27:55 32324 [Note] InnoDB: Starting crash recovery.
2019-05-03 19:27:55 32324 [Note] InnoDB: Reading tablespace information from the .ibd files...
2019-05-03 19:27:55 32324 [Note] InnoDB: Restoring possible half-written data pages 
2019-05-03 19:27:55 32324 [Note] InnoDB: from the doublewrite buffer...
2019-05-03 19:27:55 32324 [Note] InnoDB: 128 rollback segment(s) are active.
2019-05-03 19:27:55 32324 [Note] InnoDB: Waiting for purge to start
2019-05-03 19:27:55 32324 [Note] InnoDB: 5.6.34 started; log sequence number 3627434
2019-05-03 19:27:55 32324 [Note] Server hostname (bind-address): '*'; port: 3307
2019-05-03 19:27:55 32324 [Note] IPv6 is available.
2019-05-03 19:27:55 32324 [Note]   - '::' resolves to '::';
2019-05-03 19:27:55 32324 [Note] Server socket created on IP: '::'.
2019-05-03 19:27:55 32324 [ERROR] Can't start server: Bind on TCP/IP port: No such file or directory
2019-05-03 19:27:55 32324 [ERROR] Do you already have another mysqld server running on port: 3307 ?
2019-05-03 19:27:55 32324 [ERROR] Aborting

2019-05-03 19:27:55 32324 [Note] Binlog end
2019-05-03 19:27:55 32324 [Note] Shutting down plugin 'partition'
2019-05-03 19:27:55 32324 [Note] Shutting down plugin 'PERFORMANCE_SCHEMA'
2019-05-03 19:27:55 32324 [Note] Shutting down plugin 'INNODB_SYS_DATAFILES'
2019-05-03 19:27:55 32324 [Note] Shutting down plugin 'INNODB_SYS_TABLESPACES'
2019-05-03 19:27:55 32324 [Note] Shutting down plugin 'INNODB_SYS_FOREIGN_COLS'
2019-05-03 19:27:55 32324 [Note] Shutting down plugin 'INNODB_SYS_FOREIGN'
2019-05-03 19:27:55 32324 [Note] Shutting down plugin 'INNODB_SYS_FIELDS'
2019-05-03 19:27:55 32324 [Note] Shutting down plugin 'INNODB_SYS_COLUMNS'
2019-05-03 19:27:55 32324 [Note] Shutting down plugin 'INNODB_SYS_INDEXES'
2019-05-03 19:27:55 32324 [Note] Shutting down plugin 'INNODB_SYS_TABLESTATS'
2019-05-03 19:27:55 32324 [Note] Shutting down plugin 'INNODB_SYS_TABLES'
2019-05-03 19:27:55 32324 [Note] Shutting down plugin 'INNODB_FT_INDEX_TABLE'
2019-05-03 19:27:55 32324 [Note] Shutting down plugin 'INNODB_FT_INDEX_CACHE'
2019-05-03 19:27:55 32324 [Note] Shutting down plugin 'INNODB_FT_CONFIG'
2019-05-03 19:27:55 32324 [Note] Shutting down plugin 'INNODB_FT_BEING_DELETED'
2019-05-03 19:27:55 32324 [Note] Shutting down plugin 'INNODB_FT_DELETED'
2019-05-03 19:27:55 32324 [Note] Shutting down plugin 'INNODB_FT_DEFAULT_STOPWORD'
2019-05-03 19:27:55 32324 [Note] Shutting down plugin 'INNODB_METRICS'
2019-05-03 19:27:55 32324 [Note] Shutting down plugin 'INNODB_BUFFER_POOL_STATS'
2019-05-03 19:27:55 32324 [Note] Shutting down plugin 'INNODB_BUFFER_PAGE_LRU'
2019-05-03 19:27:55 32324 [Note] Shutting down plugin 'INNODB_BUFFER_PAGE'
2019-05-03 19:27:55 32324 [Note] Shutting down plugin 'INNODB_CMP_PER_INDEX_RESET'
2019-05-03 19:27:55 32324 [Note] Shutting down plugin 'INNODB_CMP_PER_INDEX'
2019-05-03 19:27:55 32324 [Note] Shutting down plugin 'INNODB_CMPMEM_RESET'
2019-05-03 19:27:55 32324 [Note] Shutting down plugin 'INNODB_CMPMEM'
2019-05-03 19:27:55 32324 [Note] Shutting down plugin 'INNODB_CMP_RESET'
2019-05-03 19:27:55 32324 [Note] Shutting down plugin 'INNODB_CMP'
2019-05-03 19:27:55 32324 [Note] Shutting down plugin 'INNODB_LOCK_WAITS'
2019-05-03 19:27:55 32324 [Note] Shutting down plugin 'INNODB_LOCKS'
2019-05-03 19:27:55 32324 [Note] Shutting down plugin 'INNODB_TRX'
2019-05-03 19:27:55 32324 [Note] Shutting down plugin 'InnoDB'
2019-05-03 19:27:55 32324 [Note] InnoDB: FTS optimize thread exiting.
2019-05-03 19:27:55 32324 [Note] InnoDB: Starting shutdown...
2019-05-03 19:27:57 32324 [Note] InnoDB: Shutdown completed; log sequence number 3627444
2019-05-03 19:27:57 32324 [Note] Shutting down plugin 'BLACKHOLE'
2019-05-03 19:27:57 32324 [Note] Shutting down plugin 'ARCHIVE'
2019-05-03 19:27:57 32324 [Note] Shutting down plugin 'MRG_MYISAM'
2019-05-03 19:27:57 32324 [Note] Shutting down plugin 'MyISAM'
2019-05-03 19:27:57 32324 [Note] Shutting down plugin 'MEMORY'
2019-05-03 19:27:57 32324 [Note] Shutting down plugin 'CSV'
2019-05-03 19:27:57 32324 [Note] Shutting down plugin 'sha256_password'
2019-05-03 19:27:57 32324 [Note] Shutting down plugin 'mysql_old_password'
2019-05-03 19:27:57 32324 [Note] Shutting down plugin 'mysql_native_password'
2019-05-03 19:27:57 32324 [Note] Shutting down plugin 'binlog'
2019-05-03 19:27:57 32324 [Note] C:\Users\Fahim Khan\Desktop\Undergrad FIles\Database Project\Project\usbwebserver/mysql/bin/mysqld_usbwv8.exe: Shutdown complete

2019-05-03 20:34:33 34488 [Note] Plugin 'FEDERATED' is disabled.
2019-05-03 20:34:33 34488 [Note] InnoDB: Using atomics to ref count buffer pool pages
2019-05-03 20:34:33 34488 [Note] InnoDB: The InnoDB memory heap is disabled
2019-05-03 20:34:33 34488 [Note] InnoDB: Mutexes and rw_locks use Windows interlocked functions
2019-05-03 20:34:33 34488 [Note] InnoDB: Memory barrier is not used
2019-05-03 20:34:33 34488 [Note] InnoDB: Compressed tables use zlib 1.2.3
2019-05-03 20:34:33 34488 [Note] InnoDB: Not using CPU crc32 instructions
2019-05-03 20:34:33 34488 [Note] InnoDB: Initializing buffer pool, size = 128.0M
2019-05-03 20:34:33 34488 [Note] InnoDB: Completed initialization of buffer pool
2019-05-03 20:34:33 34488 [Note] InnoDB: Highest supported file format is Barracuda.
2019-05-03 20:34:34 34488 [Note] InnoDB: 128 rollback segment(s) are active.
2019-05-03 20:34:34 34488 [Note] InnoDB: Waiting for purge to start
2019-05-03 20:34:34 34488 [Note] InnoDB: 5.6.34 started; log sequence number 3627444
2019-05-03 20:34:34 34488 [Note] Server hostname (bind-address): '*'; port: 3307
2019-05-03 20:34:34 34488 [Note] IPv6 is available.
2019-05-03 20:34:34 34488 [Note]   - '::' resolves to '::';
2019-05-03 20:34:34 34488 [Note] Server socket created on IP: '::'.
2019-05-03 21:37:14 18616 [Note] Plugin 'FEDERATED' is disabled.
2019-05-03 21:37:14 18616 [Note] InnoDB: Using atomics to ref count buffer pool pages
2019-05-03 21:37:14 18616 [Note] InnoDB: The InnoDB memory heap is disabled
2019-05-03 21:37:14 18616 [Note] InnoDB: Mutexes and rw_locks use Windows interlocked functions
2019-05-03 21:37:14 18616 [Note] InnoDB: Memory barrier is not used
2019-05-03 21:37:14 18616 [Note] InnoDB: Compressed tables use zlib 1.2.3
2019-05-03 21:37:14 18616 [Note] InnoDB: Not using CPU crc32 instructions
2019-05-03 21:37:14 18616 [Note] InnoDB: Initializing buffer pool, size = 128.0M
2019-05-03 21:37:14 18616 [Note] InnoDB: Completed initialization of buffer pool
2019-05-03 21:37:14 18616 [Note] InnoDB: Highest supported file format is Barracuda.
2019-05-03 21:37:14 18616 [Note] InnoDB: The log sequence numbers 3627444 and 3627444 in ibdata files do not match the log sequence number 3627454 in the ib_logfiles!
2019-05-03 21:37:14 18616 [Note] InnoDB: Database was not shutdown normally!
2019-05-03 21:37:14 18616 [Note] InnoDB: Starting crash recovery.
2019-05-03 21:37:14 18616 [Note] InnoDB: Reading tablespace information from the .ibd files...
2019-05-03 21:37:14 18616 [Note] InnoDB: Restoring possible half-written data pages 
2019-05-03 21:37:14 18616 [Note] InnoDB: from the doublewrite buffer...
2019-05-03 21:37:14 18616 [Note] InnoDB: 128 rollback segment(s) are active.
2019-05-03 21:37:14 18616 [Note] InnoDB: Waiting for purge to start
2019-05-03 21:37:14 18616 [Note] InnoDB: 5.6.34 started; log sequence number 3627454
2019-05-03 21:37:14 18616 [Note] Server hostname (bind-address): '*'; port: 3307
2019-05-03 21:37:14 18616 [Note] IPv6 is available.
2019-05-03 21:37:14 18616 [Note]   - '::' resolves to '::';
2019-05-03 21:37:14 18616 [Note] Server socket created on IP: '::'.
2019-05-03 21:37:14 18616 [ERROR] Can't start server: Bind on TCP/IP port: No such file or directory
2019-05-03 21:37:14 18616 [ERROR] Do you already have another mysqld server running on port: 3307 ?
2019-05-03 21:37:14 18616 [ERROR] Aborting

2019-05-03 21:37:14 18616 [Note] Binlog end
2019-05-03 21:37:14 18616 [Note] Shutting down plugin 'partition'
2019-05-03 21:37:14 18616 [Note] Shutting down plugin 'PERFORMANCE_SCHEMA'
2019-05-03 21:37:14 18616 [Note] Shutting down plugin 'INNODB_SYS_DATAFILES'
2019-05-03 21:37:14 18616 [Note] Shutting down plugin 'INNODB_SYS_TABLESPACES'
2019-05-03 21:37:14 18616 [Note] Shutting down plugin 'INNODB_SYS_FOREIGN_COLS'
2019-05-03 21:37:14 18616 [Note] Shutting down plugin 'INNODB_SYS_FOREIGN'
2019-05-03 21:37:14 18616 [Note] Shutting down plugin 'INNODB_SYS_FIELDS'
2019-05-03 21:37:14 18616 [Note] Shutting down plugin 'INNODB_SYS_COLUMNS'
2019-05-03 21:37:14 18616 [Note] Shutting down plugin 'INNODB_SYS_INDEXES'
2019-05-03 21:37:14 18616 [Note] Shutting down plugin 'INNODB_SYS_TABLESTATS'
2019-05-03 21:37:14 18616 [Note] Shutting down plugin 'INNODB_SYS_TABLES'
2019-05-03 21:37:14 18616 [Note] Shutting down plugin 'INNODB_FT_INDEX_TABLE'
2019-05-03 21:37:14 18616 [Note] Shutting down plugin 'INNODB_FT_INDEX_CACHE'
2019-05-03 21:37:14 18616 [Note] Shutting down plugin 'INNODB_FT_CONFIG'
2019-05-03 21:37:14 18616 [Note] Shutting down plugin 'INNODB_FT_BEING_DELETED'
2019-05-03 21:37:14 18616 [Note] Shutting down plugin 'INNODB_FT_DELETED'
2019-05-03 21:37:14 18616 [Note] Shutting down plugin 'INNODB_FT_DEFAULT_STOPWORD'
2019-05-03 21:37:14 18616 [Note] Shutting down plugin 'INNODB_METRICS'
2019-05-03 21:37:14 18616 [Note] Shutting down plugin 'INNODB_BUFFER_POOL_STATS'
2019-05-03 21:37:14 18616 [Note] Shutting down plugin 'INNODB_BUFFER_PAGE_LRU'
2019-05-03 21:37:14 18616 [Note] Shutting down plugin 'INNODB_BUFFER_PAGE'
2019-05-03 21:37:14 18616 [Note] Shutting down plugin 'INNODB_CMP_PER_INDEX_RESET'
2019-05-03 21:37:14 18616 [Note] Shutting down plugin 'INNODB_CMP_PER_INDEX'
2019-05-03 21:37:14 18616 [Note] Shutting down plugin 'INNODB_CMPMEM_RESET'
2019-05-03 21:37:14 18616 [Note] Shutting down plugin 'INNODB_CMPMEM'
2019-05-03 21:37:14 18616 [Note] Shutting down plugin 'INNODB_CMP_RESET'
2019-05-03 21:37:14 18616 [Note] Shutting down plugin 'INNODB_CMP'
2019-05-03 21:37:14 18616 [Note] Shutting down plugin 'INNODB_LOCK_WAITS'
2019-05-03 21:37:14 18616 [Note] Shutting down plugin 'INNODB_LOCKS'
2019-05-03 21:37:14 18616 [Note] Shutting down plugin 'INNODB_TRX'
2019-05-03 21:37:14 18616 [Note] Shutting down plugin 'InnoDB'
2019-05-03 21:37:14 18616 [Note] InnoDB: FTS optimize thread exiting.
2019-05-03 21:37:14 18616 [Note] InnoDB: Starting shutdown...
2019-05-03 21:37:15 18616 [Note] InnoDB: Shutdown completed; log sequence number 3627464
2019-05-03 21:37:15 18616 [Note] Shutting down plugin 'BLACKHOLE'
2019-05-03 21:37:15 18616 [Note] Shutting down plugin 'ARCHIVE'
2019-05-03 21:37:15 18616 [Note] Shutting down plugin 'MRG_MYISAM'
2019-05-03 21:37:15 18616 [Note] Shutting down plugin 'MyISAM'
2019-05-03 21:37:15 18616 [Note] Shutting down plugin 'MEMORY'
2019-05-03 21:37:15 18616 [Note] Shutting down plugin 'CSV'
2019-05-03 21:37:15 18616 [Note] Shutting down plugin 'sha256_password'
2019-05-03 21:37:15 18616 [Note] Shutting down plugin 'mysql_old_password'
2019-05-03 21:37:15 18616 [Note] Shutting down plugin 'mysql_native_password'
2019-05-03 21:37:15 18616 [Note] Shutting down plugin 'binlog'
2019-05-03 21:37:15 18616 [Note] C:\Users\Fahim Khan\Desktop\Undergrad FIles\Database Project\Project\usbwebserver/mysql/bin/mysqld_usbwv8.exe: Shutdown complete

2019-05-03 21:37:34 25656 [Note] Plugin 'FEDERATED' is disabled.
2019-05-03 21:37:34 25656 [Note] InnoDB: Using atomics to ref count buffer pool pages
2019-05-03 21:37:34 25656 [Note] InnoDB: The InnoDB memory heap is disabled
2019-05-03 21:37:34 25656 [Note] InnoDB: Mutexes and rw_locks use Windows interlocked functions
2019-05-03 21:37:34 25656 [Note] InnoDB: Memory barrier is not used
2019-05-03 21:37:34 25656 [Note] InnoDB: Compressed tables use zlib 1.2.3
2019-05-03 21:37:34 25656 [Note] InnoDB: Not using CPU crc32 instructions
2019-05-03 21:37:34 25656 [Note] InnoDB: Initializing buffer pool, size = 128.0M
2019-05-03 21:37:34 25656 [Note] InnoDB: Completed initialization of buffer pool
2019-05-03 21:37:34 25656 [Note] InnoDB: Highest supported file format is Barracuda.
2019-05-03 21:37:34 25656 [Note] InnoDB: 128 rollback segment(s) are active.
2019-05-03 21:37:34 25656 [Note] InnoDB: Waiting for purge to start
2019-05-03 21:37:34 25656 [Note] InnoDB: 5.6.34 started; log sequence number 3627464
2019-05-03 21:37:34 25656 [Note] Server hostname (bind-address): '*'; port: 3307
2019-05-03 21:37:34 25656 [Note] IPv6 is available.
2019-05-03 21:37:34 25656 [Note]   - '::' resolves to '::';
2019-05-03 21:37:34 25656 [Note] Server socket created on IP: '::'.
2019-05-03 22:53:52 33764 [Note] Plugin 'FEDERATED' is disabled.
2019-05-03 22:53:52 33764 [Note] InnoDB: Using atomics to ref count buffer pool pages
2019-05-03 22:53:52 33764 [Note] InnoDB: The InnoDB memory heap is disabled
2019-05-03 22:53:52 33764 [Note] InnoDB: Mutexes and rw_locks use Windows interlocked functions
2019-05-03 22:53:52 33764 [Note] InnoDB: Memory barrier is not used
2019-05-03 22:53:52 33764 [Note] InnoDB: Compressed tables use zlib 1.2.3
2019-05-03 22:53:52 33764 [Note] InnoDB: Not using CPU crc32 instructions
2019-05-03 22:53:52 33764 [Note] InnoDB: Initializing buffer pool, size = 128.0M
2019-05-03 22:53:52 33764 [Note] InnoDB: Completed initialization of buffer pool
2019-05-03 22:53:52 33764 [Note] InnoDB: Highest supported file format is Barracuda.
2019-05-03 22:53:52 33764 [Note] InnoDB: The log sequence numbers 3627464 and 3627464 in ibdata files do not match the log sequence number 3627906 in the ib_logfiles!
2019-05-03 22:53:52 33764 [Note] InnoDB: Database was not shutdown normally!
2019-05-03 22:53:52 33764 [Note] InnoDB: Starting crash recovery.
2019-05-03 22:53:52 33764 [Note] InnoDB: Reading tablespace information from the .ibd files...
2019-05-03 22:53:52 33764 [Note] InnoDB: Restoring possible half-written data pages 
2019-05-03 22:53:52 33764 [Note] InnoDB: from the doublewrite buffer...
2019-05-03 22:53:52 33764 [Note] InnoDB: 128 rollback segment(s) are active.
2019-05-03 22:53:52 33764 [Note] InnoDB: Waiting for purge to start
2019-05-03 22:53:52 33764 [Note] InnoDB: 5.6.34 started; log sequence number 3627906
2019-05-03 22:53:52 33764 [Note] Server hostname (bind-address): '*'; port: 3307
2019-05-03 22:53:52 33764 [Note] IPv6 is available.
2019-05-03 22:53:52 33764 [Note]   - '::' resolves to '::';
2019-05-03 22:53:52 33764 [Note] Server socket created on IP: '::'.
2019-08-10 00:42:47 8684 [Note] Plugin 'FEDERATED' is disabled.
2019-08-10 00:42:47 8684 [Note] InnoDB: Using atomics to ref count buffer pool pages
2019-08-10 00:42:47 8684 [Note] InnoDB: The InnoDB memory heap is disabled
2019-08-10 00:42:47 8684 [Note] InnoDB: Mutexes and rw_locks use Windows interlocked functions
2019-08-10 00:42:47 8684 [Note] InnoDB: Memory barrier is not used
2019-08-10 00:42:47 8684 [Note] InnoDB: Compressed tables use zlib 1.2.3
2019-08-10 00:42:47 8684 [Note] InnoDB: Not using CPU crc32 instructions
2019-08-10 00:42:47 8684 [Note] InnoDB: Initializing buffer pool, size = 128.0M
2019-08-10 00:42:47 8684 [Note] InnoDB: Completed initialization of buffer pool
2019-08-10 00:42:47 8684 [Note] InnoDB: Highest supported file format is Barracuda.
2019-08-10 00:42:47 8684 [Note] InnoDB: The log sequence numbers 3627464 and 3627464 in ibdata files do not match the log sequence number 3627916 in the ib_logfiles!
2019-08-10 00:42:47 8684 [Note] InnoDB: Database was not shutdown normally!
2019-08-10 00:42:47 8684 [Note] InnoDB: Starting crash recovery.
2019-08-10 00:42:47 8684 [Note] InnoDB: Reading tablespace information from the .ibd files...
2019-08-10 00:42:47 8684 [Note] InnoDB: Restoring possible half-written data pages 
2019-08-10 00:42:47 8684 [Note] InnoDB: from the doublewrite buffer...
2019-08-10 00:42:47 8684 [Note] InnoDB: 128 rollback segment(s) are active.
2019-08-10 00:42:47 8684 [Note] InnoDB: Waiting for purge to start
2019-08-10 00:42:47 8684 [Note] InnoDB: 5.6.34 started; log sequence number 3627916
2019-08-10 00:42:47 8684 [Note] Server hostname (bind-address): '*'; port: 3307
2019-08-10 00:42:47 8684 [Note] IPv6 is available.
2019-08-10 00:42:47 8684 [Note]   - '::' resolves to '::';
2019-08-10 00:42:47 8684 [Note] Server socket created on IP: '::'.
2021-06-02 22:12:34 14492 [Note] Plugin 'FEDERATED' is disabled.
2021-06-02 22:12:34 14492 [Note] InnoDB: Using atomics to ref count buffer pool pages
2021-06-02 22:12:34 14492 [Note] InnoDB: The InnoDB memory heap is disabled
2021-06-02 22:12:34 14492 [Note] InnoDB: Mutexes and rw_locks use Windows interlocked functions
2021-06-02 22:12:34 14492 [Note] InnoDB: Memory barrier is not used
2021-06-02 22:12:34 14492 [Note] InnoDB: Compressed tables use zlib 1.2.3
2021-06-02 22:12:34 14492 [Note] InnoDB: Not using CPU crc32 instructions
2021-06-02 22:12:34 14492 [Note] InnoDB: Initializing buffer pool, size = 128.0M
2021-06-02 22:12:34 14492 [Note] InnoDB: Completed initialization of buffer pool
2021-06-02 22:12:34 14492 [Note] InnoDB: Highest supported file format is Barracuda.
2021-06-02 22:12:34 14492 [Note] InnoDB: The log sequence numbers 3627464 and 3627464 in ibdata files do not match the log sequence number 3628788 in the ib_logfiles!
2021-06-02 22:12:34 14492 [Note] InnoDB: Database was not shutdown normally!
2021-06-02 22:12:34 14492 [Note] InnoDB: Starting crash recovery.
2021-06-02 22:12:34 14492 [Note] InnoDB: Reading tablespace information from the .ibd files...
2021-06-02 22:12:34 14492 [Note] InnoDB: Restoring possible half-written data pages 
2021-06-02 22:12:34 14492 [Note] InnoDB: from the doublewrite buffer...
2021-06-02 22:12:35 14492 [Note] InnoDB: 128 rollback segment(s) are active.
2021-06-02 22:12:35 14492 [Note] InnoDB: Waiting for purge to start
2021-06-02 22:12:35 14492 [Note] InnoDB: 5.6.34 started; log sequence number 3628788
2021-06-02 22:12:35 14492 [Note] Server hostname (bind-address): '*'; port: 3307
2021-06-02 22:12:35 14492 [Note] IPv6 is available.
2021-06-02 22:12:35 14492 [Note]   - '::' resolves to '::';
2021-06-02 22:12:35 14492 [Note] Server socket created on IP: '::'.
2021-06-02 22:12:36 14492 [Note] Event Scheduler: Loaded 0 events
2021-06-02 22:12:36 14492 [Note] C:\Users\Fahim Khan\Documents\GitHub\Undergrad_Databases_Project-Spring_2018\usbwebserver/mysql/bin/mysqld_usbwv8.exe: ready for connections.
Version: '5.6.34'  socket: ''  port: 3307  MySQL Community Server (GPL)
